<?xml version="1.0" encoding="UTF-8"?>
<!-- Generated by org.testng.reporters.JUnitReportReporter -->
<testsuite skipped="0" hostname="DESKTOP-F80RH02" name="com.csg.tau.Excelreader" tests="1" failures="0" timestamp="2019-10-06T18:18:10 IST" time="0.584" errors="0">
  <testcase name="readData" time="0.584" classname="com.csg.tau.Excelreader"/>
</testsuite> <!-- com.csg.tau.Excelreader -->
