<?xml version="1.0" encoding="UTF-8"?>
<!-- Generated by org.testng.reporters.JUnitReportReporter -->
<testsuite skipped="0" hostname="DESKTOP-F80RH02" name="com.csg.tau.Login_test" tests="3" failures="0" timestamp="2019-10-06T17:11:59 IST" time="39.663" errors="0">
  <testcase name="f1" time="14.589" classname="com.csg.tau.Login_test"/>
  <testcase name="f1" time="12.445" classname="com.csg.tau.Login_test"/>
  <testcase name="f1" time="12.629" classname="com.csg.tau.Login_test"/>
</testsuite> <!-- com.csg.tau.Login_test -->
