<?xml version="1.0" encoding="UTF-8"?>
<!-- Generated by org.testng.reporters.JUnitReportReporter -->
<testsuite skipped="0" hostname="DESKTOP-F80RH02" name="com.csg.tau.Support_test" tests="1" failures="0" timestamp="2019-09-22T17:07:41 IST" time="26.903" errors="0">
  <testcase name="Support" time="26.903" classname="com.csg.tau.Support_test"/>
</testsuite> <!-- com.csg.tau.Support_test -->
